INFO:     Started server process [235632]
INFO:     Waiting for application startup.
INFO:     Application startup complete.
INFO:     Uvicorn running on http://0.0.0.0:8765 (Press CTRL+C to quit)
INFO:     127.0.0.1:60822 - "GET /api/activity-image?activity=Freeze%20Dance HTTP/1.1" 200 OK
ERROR:    Exception in ASGI application
  + Exception Group Traceback (most recent call last):
  |   File "/home/hari-homelab/kindergarten-tools/venv/lib/python3.12/site-packages/starlette/_utils.py", line 81, in collapse_excgroups
  |     yield
  |   File "/home/hari-homelab/kindergarten-tools/venv/lib/python3.12/site-packages/starlette/responses.py", line 270, in __call__
  |     async with anyio.create_task_group() as task_group:
  |   File "/home/hari-homelab/kindergarten-tools/venv/lib/python3.12/site-packages/anyio/_backends/_asyncio.py", line 783, in __aexit__
  |     raise BaseExceptionGroup(
  | ExceptionGroup: unhandled errors in a TaskGroup (1 sub-exception)
  +-+---------------- 1 ----------------
    | Traceback (most recent call last):
    |   File "/home/hari-homelab/kindergarten-tools/venv/lib/python3.12/site-packages/uvicorn/protocols/http/h11_impl.py", line 410, in run_asgi
    |     result = await app(  # type: ignore[func-returns-value]
    |              ^^^^^^^^^^^^^^^^^^^^^^^^^^^^^^^^^^^^^^^^^^^^^^
    |   File "/home/hari-homelab/kindergarten-tools/venv/lib/python3.12/site-packages/uvicorn/middleware/proxy_headers.py", line 60, in __call__
    |     return await self.app(scope, receive, send)
    |            ^^^^^^^^^^^^^^^^^^^^^^^^^^^^^^^^^^^^
    |   File "/home/hari-homelab/kindergarten-tools/venv/lib/python3.12/site-packages/fastapi/applications.py", line 1160, in __call__
    |     await super().__call__(scope, receive, send)
    |   File "/home/hari-homelab/kindergarten-tools/venv/lib/python3.12/site-packages/starlette/applications.py", line 107, in __call__
    |     await self.middleware_stack(scope, receive, send)
    |   File "/home/hari-homelab/kindergarten-tools/venv/lib/python3.12/site-packages/starlette/middleware/errors.py", line 186, in __call__
    |     raise exc
    |   File "/home/hari-homelab/kindergarten-tools/venv/lib/python3.12/site-packages/starlette/middleware/errors.py", line 164, in __call__
    |     await self.app(scope, receive, _send)
    |   File "/home/hari-homelab/kindergarten-tools/venv/lib/python3.12/site-packages/starlette/middleware/cors.py", line 87, in __call__
    |     await self.app(scope, receive, send)
    |   File "/home/hari-homelab/kindergarten-tools/venv/lib/python3.12/site-packages/starlette/middleware/exceptions.py", line 63, in __call__
    |     await wrap_app_handling_exceptions(self.app, conn)(scope, receive, send)
    |   File "/home/hari-homelab/kindergarten-tools/venv/lib/python3.12/site-packages/starlette/_exception_handler.py", line 53, in wrapped_app
    |     raise exc
    |   File "/home/hari-homelab/kindergarten-tools/venv/lib/python3.12/site-packages/starlette/_exception_handler.py", line 42, in wrapped_app
    |     await app(scope, receive, sender)
    |   File "/home/hari-homelab/kindergarten-tools/venv/lib/python3.12/site-packages/fastapi/middleware/asyncexitstack.py", line 18, in __call__
    |     await self.app(scope, receive, send)
    |   File "/home/hari-homelab/kindergarten-tools/venv/lib/python3.12/site-packages/starlette/routing.py", line 716, in __call__
    |     await self.middleware_stack(scope, receive, send)
    |   File "/home/hari-homelab/kindergarten-tools/venv/lib/python3.12/site-packages/starlette/routing.py", line 736, in app
    |     await route.handle(scope, receive, send)
    |   File "/home/hari-homelab/kindergarten-tools/venv/lib/python3.12/site-packages/starlette/routing.py", line 290, in handle
    |     await self.app(scope, receive, send)
    |   File "/home/hari-homelab/kindergarten-tools/venv/lib/python3.12/site-packages/fastapi/routing.py", line 130, in app
    |     await wrap_app_handling_exceptions(app, request)(scope, receive, send)
    |   File "/home/hari-homelab/kindergarten-tools/venv/lib/python3.12/site-packages/starlette/_exception_handler.py", line 53, in wrapped_app
    |     raise exc
    |   File "/home/hari-homelab/kindergarten-tools/venv/lib/python3.12/site-packages/starlette/_exception_handler.py", line 42, in wrapped_app
    |     await app(scope, receive, sender)
    |   File "/home/hari-homelab/kindergarten-tools/venv/lib/python3.12/site-packages/fastapi/routing.py", line 117, in app
    |     await response(scope, receive, send)
    |   File "/home/hari-homelab/kindergarten-tools/venv/lib/python3.12/site-packages/starlette/responses.py", line 269, in __call__
    |     with collapse_excgroups():
    |   File "/usr/lib/python3.12/contextlib.py", line 158, in __exit__
    |     self.gen.throw(value)
    |   File "/home/hari-homelab/kindergarten-tools/venv/lib/python3.12/site-packages/starlette/_utils.py", line 87, in collapse_excgroups
    |     raise exc
    |   File "/home/hari-homelab/kindergarten-tools/venv/lib/python3.12/site-packages/starlette/responses.py", line 273, in wrap
    |     await func()
    |   File "/home/hari-homelab/kindergarten-tools/venv/lib/python3.12/site-packages/starlette/responses.py", line 255, in stream_response
    |     chunk = chunk.encode(self.charset)
    |             ^^^^^^^^^^^^
    | AttributeError: 'int' object has no attribute 'encode'
    +------------------------------------

During handling of the above exception, another exception occurred:

Traceback (most recent call last):
  File "/home/hari-homelab/kindergarten-tools/venv/lib/python3.12/site-packages/uvicorn/protocols/http/h11_impl.py", line 410, in run_asgi
    result = await app(  # type: ignore[func-returns-value]
             ^^^^^^^^^^^^^^^^^^^^^^^^^^^^^^^^^^^^^^^^^^^^^^
  File "/home/hari-homelab/kindergarten-tools/venv/lib/python3.12/site-packages/uvicorn/middleware/proxy_headers.py", line 60, in __call__
    return await self.app(scope, receive, send)
           ^^^^^^^^^^^^^^^^^^^^^^^^^^^^^^^^^^^^
  File "/home/hari-homelab/kindergarten-tools/venv/lib/python3.12/site-packages/fastapi/applications.py", line 1160, in __call__
    await super().__call__(scope, receive, send)
  File "/home/hari-homelab/kindergarten-tools/venv/lib/python3.12/site-packages/starlette/applications.py", line 107, in __call__
    await self.middleware_stack(scope, receive, send)
  File "/home/hari-homelab/kindergarten-tools/venv/lib/python3.12/site-packages/starlette/middleware/errors.py", line 186, in __call__
    raise exc
  File "/home/hari-homelab/kindergarten-tools/venv/lib/python3.12/site-packages/starlette/middleware/errors.py", line 164, in __call__
    await self.app(scope, receive, _send)
  File "/home/hari-homelab/kindergarten-tools/venv/lib/python3.12/site-packages/starlette/middleware/cors.py", line 87, in __call__
    await self.app(scope, receive, send)
  File "/home/hari-homelab/kindergarten-tools/venv/lib/python3.12/site-packages/starlette/middleware/exceptions.py", line 63, in __call__
    await wrap_app_handling_exceptions(self.app, conn)(scope, receive, send)
  File "/home/hari-homelab/kindergarten-tools/venv/lib/python3.12/site-packages/starlette/_exception_handler.py", line 53, in wrapped_app
    raise exc
  File "/home/hari-homelab/kindergarten-tools/venv/lib/python3.12/site-packages/starlette/_exception_handler.py", line 42, in wrapped_app
    await app(scope, receive, sender)
  File "/home/hari-homelab/kindergarten-tools/venv/lib/python3.12/site-packages/fastapi/middleware/asyncexitstack.py", line 18, in __call__
    await self.app(scope, receive, send)
  File "/home/hari-homelab/kindergarten-tools/venv/lib/python3.12/site-packages/starlette/routing.py", line 716, in __call__
    await self.middleware_stack(scope, receive, send)
  File "/home/hari-homelab/kindergarten-tools/venv/lib/python3.12/site-packages/starlette/routing.py", line 736, in app
    await route.handle(scope, receive, send)
  File "/home/hari-homelab/kindergarten-tools/venv/lib/python3.12/site-packages/starlette/routing.py", line 290, in handle
    await self.app(scope, receive, send)
  File "/home/hari-homelab/kindergarten-tools/venv/lib/python3.12/site-packages/fastapi/routing.py", line 130, in app
    await wrap_app_handling_exceptions(app, request)(scope, receive, send)
  File "/home/hari-homelab/kindergarten-tools/venv/lib/python3.12/site-packages/starlette/_exception_handler.py", line 53, in wrapped_app
    raise exc
  File "/home/hari-homelab/kindergarten-tools/venv/lib/python3.12/site-packages/starlette/_exception_handler.py", line 42, in wrapped_app
    await app(scope, receive, sender)
  File "/home/hari-homelab/kindergarten-tools/venv/lib/python3.12/site-packages/fastapi/routing.py", line 117, in app
    await response(scope, receive, send)
  File "/home/hari-homelab/kindergarten-tools/venv/lib/python3.12/site-packages/starlette/responses.py", line 269, in __call__
    with collapse_excgroups():
  File "/usr/lib/python3.12/contextlib.py", line 158, in __exit__
    self.gen.throw(value)
  File "/home/hari-homelab/kindergarten-tools/venv/lib/python3.12/site-packages/starlette/_utils.py", line 87, in collapse_excgroups
    raise exc
  File "/home/hari-homelab/kindergarten-tools/venv/lib/python3.12/site-packages/starlette/responses.py", line 273, in wrap
    await func()
  File "/home/hari-homelab/kindergarten-tools/venv/lib/python3.12/site-packages/starlette/responses.py", line 255, in stream_response
    chunk = chunk.encode(self.charset)
            ^^^^^^^^^^^^
AttributeError: 'int' object has no attribute 'encode'
